<?xml version="1.0" encoding="UTF-8"?>
<!-- Generated by org.testng.reporters.JUnitReportReporter -->
<testsuite hostname="DESKTOP-4QLIV9D" failures="0" tests="1" name="com.artoftesting.test.DemoLoginTest" time="39.576" errors="0" timestamp="2021-10-12T14:56:55 IST" skipped="0">
  <testcase classname="com.artoftesting.test.DemoLoginTest" name="loginTest" time="39.576"/>
  <system-out/>
</testsuite> <!-- com.artoftesting.test.DemoLoginTest -->
